# JRE version: Java(TM) SE Runtime Environment (8.0_251-b08) (build 1.8.0_251-b08)
# Java VM: Java HotSpot(TM) 64-Bit Server VM (25.251-b08 mixed mode windows-amd64 compressed oops)
Heap:
 PSYoungGen      total 16896K, used 3381K [0x00000000ed900000, 0x00000000eeb00000, 0x0000000100000000)
  eden space 14848K, 22% used [0x00000000ed900000,0x00000000edc4d6d8,0x00000000ee780000)
  from space 2048K, 0% used [0x00000000ee780000,0x00000000ee780000,0x00000000ee980000)
  to   space 1536K, 0% used [0x00000000ee980000,0x00000000ee980000,0x00000000eeb00000)
 ParOldGen       total 29184K, used 9174K [0x00000000c8a00000, 0x00000000ca680000, 0x00000000ed900000)
  object space 29184K, 31% used [0x00000000c8a00000,0x00000000c92f5808,0x00000000ca680000)
 Metaspace       used 13362K, capacity 13698K, committed 13952K, reserved 1064960K
  class space    used 1821K, capacity 1917K, committed 1920K, reserved 1048576K
GC Heap History (10 events):
Event: 3.118 GC heap before
{Heap before GC invocations=18 (full 9):
 PSYoungGen      total 16896K, used 32K [0x00000000ed900000, 0x00000000eeb80000, 0x0000000100000000)
  eden space 14848K, 0% used [0x00000000ed900000,0x00000000ed900000,0x00000000ee780000)
  from space 2048K, 1% used [0x00000000ee780000,0x00000000ee788000,0x00000000ee980000)
  to   space 2048K, 0% used [0x00000000ee980000,0x00000000ee980000,0x00000000eeb80000)
 ParOldGen       total 29184K, used 9173K [0x00000000c8a00000, 0x00000000ca680000, 0x00000000ed900000)
  object space 29184K, 31% used [0x00000000c8a00000,0x00000000c92f57d0,0x00000000ca680000)
 Metaspace       used 11515K, capacity 11674K, committed 11904K, reserved 1067008K
  class space    used 1484K, capacity 1541K, committed 1664K, reserved 1048576K
Event: 3.137 GC heap after
Heap after GC invocations=18 (full 9):
 PSYoungGen      total 16896K, used 0K [0x00000000ed900000, 0x00000000eeb80000, 0x0000000100000000)
  eden space 14848K, 0% used [0x00000000ed900000,0x00000000ed900000,0x00000000ee780000)
  from space 2048K, 0% used [0x00000000ee780000,0x00000000ee780000,0x00000000ee980000)
  to   space 2048K, 0% used [0x00000000ee980000,0x00000000ee980000,0x00000000eeb80000)
 ParOldGen       total 29184K, used 9173K [0x00000000c8a00000, 0x00000000ca680000, 0x00000000ed900000)
  object space 29184K, 31% used [0x00000000c8a00000,0x00000000c92f57f8,0x00000000ca680000)
 Metaspace       used 11515K, capacity 11674K, committed 11904K, reserved 1062912K
  class space    used 1484K, capacity 1541K, committed 1664K, reserved 1048576K
}
Event: 3.137 GC heap before
{Heap before GC invocations=19 (full 9):
 PSYoungGen      total 16896K, used 0K [0x00000000ed900000, 0x00000000eeb80000, 0x0000000100000000)
  eden space 14848K, 0% used [0x00000000ed900000,0x00000000ed900000,0x00000000ee780000)
  from space 2048K, 0% used [0x00000000ee780000,0x00000000ee780000,0x00000000ee980000)
  to   space 2048K, 0% used [0x00000000ee980000,0x00000000ee980000,0x00000000eeb80000)
 ParOldGen       total 29184K, used 9173K [0x00000000c8a00000, 0x00000000ca680000, 0x00000000ed900000)
  object space 29184K, 31% used [0x00000000c8a00000,0x00000000c92f57f8,0x00000000ca680000)
 Metaspace       used 11515K, capacity 11674K, committed 11904K, reserved 1067008K
  class space    used 1484K, capacity 1541K, committed 1664K, reserved 1048576K
Event: 3.138 GC heap after
Heap after GC invocations=19 (full 9):
 PSYoungGen      total 16896K, used 0K [0x00000000ed900000, 0x00000000eeb80000, 0x0000000100000000)
  eden space 14848K, 0% used [0x00000000ed900000,0x00000000ed900000,0x00000000ee780000)
  from space 2048K, 0% used [0x00000000ee980000,0x00000000ee980000,0x00000000eeb80000)
  to   space 2048K, 0% used [0x00000000ee780000,0x00000000ee780000,0x00000000ee980000)
 ParOldGen       total 29184K, used 9173K [0x00000000c8a00000, 0x00000000ca680000, 0x00000000ed900000)
  object space 29184K, 31% used [0x00000000c8a00000,0x00000000c92f57f8,0x00000000ca680000)
 Metaspace       used 11515K, capacity 11674K, committed 11904K, reserved 1067008K
  class space    used 1484K, capacity 1541K, committed 1664K, reserved 1048576K
}
Event: 3.138 GC heap before
{Heap before GC invocations=20 (full 10):
 PSYoungGen      total 16896K, used 0K [0x00000000ed900000, 0x00000000eeb80000, 0x0000000100000000)
  eden space 14848K, 0% used [0x00000000ed900000,0x00000000ed900000,0x00000000ee780000)
  from space 2048K, 0% used [0x00000000ee980000,0x00000000ee980000,0x00000000eeb80000)
  to   space 2048K, 0% used [0x00000000ee780000,0x00000000ee780000,0x00000000ee980000)
 ParOldGen       total 29184K, used 9173K [0x00000000c8a00000, 0x00000000ca680000, 0x00000000ed900000)
  object space 29184K, 31% used [0x00000000c8a00000,0x00000000c92f57f8,0x00000000ca680000)
 Metaspace       used 11515K, capacity 11674K, committed 11904K, reserved 1067008K
  class space    used 1484K, capacity 1541K, committed 1664K, reserved 1048576K
Event: 3.157 GC heap after
Heap after GC invocations=20 (full 10):
 PSYoungGen      total 16896K, used 0K [0x00000000ed900000, 0x00000000eeb80000, 0x0000000100000000)
  eden space 14848K, 0% used [0x00000000ed900000,0x00000000ed900000,0x00000000ee780000)
  from space 2048K, 0% used [0x00000000ee980000,0x00000000ee980000,0x00000000eeb80000)
  to   space 2048K, 0% used [0x00000000ee780000,0x00000000ee780000,0x00000000ee980000)
 ParOldGen       total 29184K, used 9173K [0x00000000c8a00000, 0x00000000ca680000, 0x00000000ed900000)
  object space 29184K, 31% used [0x00000000c8a00000,0x00000000c92f57f8,0x00000000ca680000)
 Metaspace       used 11515K, capacity 11674K, committed 11904K, reserved 1062912K
  class space    used 1484K, capacity 1541K, committed 1664K, reserved 1048576K
}
Event: 3.158 GC heap before
{Heap before GC invocations=21 (full 10):
 PSYoungGen      total 16896K, used 148K [0x00000000ed900000, 0x00000000eeb80000, 0x0000000100000000)
  eden space 14848K, 1% used [0x00000000ed900000,0x00000000ed925238,0x00000000ee780000)
  from space 2048K, 0% used [0x00000000ee980000,0x00000000ee980000,0x00000000eeb80000)
  to   space 2048K, 0% used [0x00000000ee780000,0x00000000ee780000,0x00000000ee980000)
 ParOldGen       total 29184K, used 9173K [0x00000000c8a00000, 0x00000000ca680000, 0x00000000ed900000)
  object space 29184K, 31% used [0x00000000c8a00000,0x00000000c92f57f8,0x00000000ca680000)
 Metaspace       used 11515K, capacity 11674K, committed 11904K, reserved 1071104K
  class space    used 1484K, capacity 1541K, committed 1664K, reserved 1048576K
Event: 3.159 GC heap after
Heap after GC invocations=21 (full 10):
 PSYoungGen      total 16896K, used 32K [0x00000000ed900000, 0x00000000eeb00000, 0x0000000100000000)
  eden space 14848K, 0% used [0x00000000ed900000,0x00000000ed900000,0x00000000ee780000)
  from space 2048K, 1% used [0x00000000ee780000,0x00000000ee788000,0x00000000ee980000)
  to   space 1536K, 0% used [0x00000000ee980000,0x00000000ee980000,0x00000000eeb00000)
 ParOldGen       total 29184K, used 9173K [0x00000000c8a00000, 0x00000000ca680000, 0x00000000ed900000)
  object space 29184K, 31% used [0x00000000c8a00000,0x00000000c92f57f8,0x00000000ca680000)
 Metaspace       used 11515K, capacity 11674K, committed 11904K, reserved 1071104K
  class space    used 1484K, capacity 1541K, committed 1664K, reserved 1048576K
}
Event: 3.159 GC heap before
{Heap before GC invocations=22 (full 11):
 PSYoungGen      total 16896K, used 32K [0x00000000ed900000, 0x00000000eeb00000, 0x0000000100000000)
  eden space 14848K, 0% used [0x00000000ed900000,0x00000000ed900000,0x00000000ee780000)
  from space 2048K, 1% used [0x00000000ee780000,0x00000000ee788000,0x00000000ee980000)
  to   space 1536K, 0% used [0x00000000ee980000,0x00000000ee980000,0x00000000eeb00000)
 ParOldGen       total 29184K, used 9173K [0x00000000c8a00000, 0x00000000ca680000, 0x00000000ed900000)
  object space 29184K, 31% used [0x00000000c8a00000,0x00000000c92f57f8,0x00000000ca680000)
 Metaspace       used 11515K, capacity 11674K, committed 11904K, reserved 1071104K
  class space    used 1484K, capacity 1541K, committed 1664K, reserved 1048576K
Event: 3.178 GC heap after
Heap after GC invocations=22 (full 11):
 PSYoungGen      total 16896K, used 0K [0x00000000ed900000, 0x00000000eeb00000, 0x0000000100000000)
  eden space 14848K, 0% used [0x00000000ed900000,0x00000000ed900000,0x00000000ee780000)
  from space 2048K, 0% used [0x00000000ee780000,0x00000000ee780000,0x00000000ee980000)
  to   space 1536K, 0% used [0x00000000ee980000,0x00000000ee980000,0x00000000eeb00000)
 ParOldGen       total 29184K, used 9174K [0x00000000c8a00000, 0x00000000ca680000, 0x00000000ed900000)
  object space 29184K, 31% used [0x00000000c8a00000,0x00000000c92f5808,0x00000000ca680000)
 Metaspace       used 11515K, capacity 11674K, committed 11904K, reserved 1062912K
  class space    used 1484K, capacity 1541K, committed 1664K, reserved 1048576K
}

